
LZSS - (c) CUE 2011
LZSS coding for Nintendo GBA/DS

- encoding '/tmp/TMP355986.ces'

Done

LZSS - (c) CUE 2011
LZSS coding for Nintendo GBA/DS

- encoding '/tmp/TMP355986.ces'

Done

LZSS - (c) CUE 2011
LZSS coding for Nintendo GBA/DS

- encoding '/tmp/TMP355986.ces'

Done

LZSS - (c) CUE 2011
LZSS coding for Nintendo GBA/DS

- encoding '/tmp/TMP355986.ces'

Done

LZSS - (c) CUE 2011
LZSS coding for Nintendo GBA/DS

- encoding '/tmp/TMP355986.ces'

Done

LZSS - (c) CUE 2011
LZSS coding for Nintendo GBA/DS

- encoding '/tmp/TMP355986.ces'

Done

LZSS - (c) CUE 2011
LZSS coding for Nintendo GBA/DS

- encoding '/tmp/TMP355986.ces'

Done

LZSS - (c) CUE 2011
LZSS coding for Nintendo GBA/DS

- encoding '/tmp/TMP355986.ces'

Done

LZSS - (c) CUE 2011
LZSS coding for Nintendo GBA/DS

- encoding '/tmp/TMP355986.ces'

Done

LZSS - (c) CUE 2011
LZSS coding for Nintendo GBA/DS

- encoding '/tmp/TMP355986.ces'

Done

LZSS - (c) CUE 2011
LZSS coding for Nintendo GBA/DS

- encoding '/tmp/TMP355986.ces'

Done

LZSS - (c) CUE 2011
LZSS coding for Nintendo GBA/DS

- encoding '/tmp/TMP355986.ces'

Done

LZSS - (c) CUE 2011
LZSS coding for Nintendo GBA/DS

- encoding '/tmp/TMP355986.ces'

Done

LZSS - (c) CUE 2011
LZSS coding for Nintendo GBA/DS

- encoding '/tmp/TMP355986.ces'

Done

LZSS - (c) CUE 2011
LZSS coding for Nintendo GBA/DS

- encoding '/tmp/TMP355986.ces'

Done

LZSS - (c) CUE 2011
LZSS coding for Nintendo GBA/DS

- encoding '/tmp/TMP355986.ces'

Done

LZSS - (c) CUE 2011
LZSS coding for Nintendo GBA/DS

- encoding '/tmp/TMP355986.ces'

Done

LZSS - (c) CUE 2011
LZSS coding for Nintendo GBA/DS

- encoding '/tmp/TMP355986.ces'

Done

LZSS - (c) CUE 2011
LZSS coding for Nintendo GBA/DS

- encoding '/tmp/TMP355986.ces'

Done

LZSS - (c) CUE 2011
LZSS coding for Nintendo GBA/DS

- encoding '/tmp/TMP355986.ces'

Done
/var/www/wapp.wii.com/miicontest/public_html/150/bargain_list01.ces
150
/var/www/wapp.wii.com/miicontest/public_html/150/bargain_list02.ces
150
/var/www/wapp.wii.com/miicontest/public_html/150/bargain_list03.ces
150
/var/www/wapp.wii.com/miicontest/public_html/150/bargain_list04.ces
100
/var/www/wapp.wii.com/miicontest/public_html/150/bargain_list05.ces
100
/var/www/wapp.wii.com/miicontest/public_html/150/bargain_list06.ces
100
/var/www/wapp.wii.com/miicontest/public_html/150/bargain_list07.ces
100
/var/www/wapp.wii.com/miicontest/public_html/150/bargain_list08.ces
50
/var/www/wapp.wii.com/miicontest/public_html/150/bargain_list09.ces
0
/var/www/wapp.wii.com/miicontest/public_html/150/bargain_list10.ces
0
/var/www/wapp.wii.com/miicontest/public_html/150/new_list01.ces
/var/www/wapp.wii.com/miicontest/public_html/150/new_list02.ces
/var/www/wapp.wii.com/miicontest/public_html/150/new_list03.ces
/var/www/wapp.wii.com/miicontest/public_html/150/new_list04.ces
/var/www/wapp.wii.com/miicontest/public_html/150/new_list05.ces
/var/www/wapp.wii.com/miicontest/public_html/150/new_list06.ces
/var/www/wapp.wii.com/miicontest/public_html/150/new_list07.ces
/var/www/wapp.wii.com/miicontest/public_html/150/new_list08.ces
/var/www/wapp.wii.com/miicontest/public_html/150/new_list09.ces
/var/www/wapp.wii.com/miicontest/public_html/150/new_list10.ces
